<?xml version="1.0" encoding="utf-8" standalone="no"?>
<test-results xmlns:xsi="http://www.w3.org/2001/XMLSchema-instance" xsi:noNamespaceSchemaLocation="nunit_schema_2.5.xsd" name="Pester" total="12" errors="0" failures="4" not-run="0" inconclusive="0" ignored="0" skipped="0" invalid="0" date="2025-09-17" time="19:04:28">
  <environment os-version="10.0.26100" user-domain="SER" machine-name="SER" user="jmw" cwd="C:\Users\jmw\Documents\PowerShell\Modules\MusicFolderChecker" platform="Microsoft Windows 11 Pro|C:\WINDOWS|\Device\Harddisk0\Partition3" nunit-version="2.5.8.0" clr-version="9.0.8" />
  <culture-info current-culture="en-BE" current-uiculture="en-GB" />
  <test-suite type="TestFixture" name="Pester" executed="True" result="Failure" success="False" time="0.3466" asserts="0" description="Pester">
    <results>
      <test-suite type="TestFixture" name="C:\Users\jmw\Documents\PowerShell\Modules\MusicFolderChecker\tests\Get-FolderStructureAnalysis.Tests.ps1" executed="True" result="Failure" success="False" time="0.3466" asserts="0" description="C:\Users\jmw\Documents\PowerShell\Modules\MusicFolderChecker\tests\Get-FolderStructureAnalysis.Tests.ps1">
        <results>
          <test-suite type="TestFixture" name="Get-FolderStructureAnalysis" executed="True" result="Failure" success="False" time="0.3082" asserts="0" description="Get-FolderStructureAnalysis">
            <results>
              <test-suite type="TestFixture" name="Get-FolderStructureAnalysis.Artist Folder Detection" executed="True" result="Success" success="True" time="0.0497" asserts="0" description="Get-FolderStructureAnalysis.Artist Folder Detection">
                <results>
                  <test-case description="Should correctly identify Radiohead as an Artist Folder" name="Get-FolderStructureAnalysis.Artist Folder Detection.Should correctly identify Radiohead as an Artist Folder" time="0.0237" asserts="0" success="True" result="Success" executed="True" />
                  <test-case description="Should have high confidence for proper artist structure" name="Get-FolderStructureAnalysis.Artist Folder Detection.Should have high confidence for proper artist structure" time="0.0222" asserts="0" success="True" result="Success" executed="True" />
                </results>
              </test-suite>
              <test-suite type="TestFixture" name="Get-FolderStructureAnalysis.Simple Album Detection" executed="True" result="Success" success="True" time="0.0752" asserts="0" description="Get-FolderStructureAnalysis.Simple Album Detection">
                <results>
                  <test-case description="Should correctly identify '1995 - The Bends' as a Simple Album" name="Get-FolderStructureAnalysis.Simple Album Detection.Should correctly identify '1995 - The Bends' as a Simple Album" time="0.0221" asserts="0" success="True" result="Success" executed="True" />
                </results>
              </test-suite>
              <test-suite type="TestFixture" name="Get-FolderStructureAnalysis.Mixed Album Detection" executed="True" result="Failure" success="False" time="0.0998" asserts="0" description="Get-FolderStructureAnalysis.Mixed Album Detection">
                <results>
                  <test-case description="Should detect MixedAlbum as ambiguous (MIXED STRUCTURE)" name="Get-FolderStructureAnalysis.Mixed Album Detection.Should detect MixedAlbum as ambiguous (MIXED STRUCTURE)" time="0.0215" asserts="0" success="False" result="Failure" executed="True">
                    <failure>
                      <message>Expected 'MIXED STRUCTURE' to be found in collection @('MIXED STRUCTURE: 2 audio files at root + 1 album subfolders', 'This requires manual review - unclear if subfolders are bonus content or separate albums'), but it was not found.</message>
                      <stack-trace>at $result.Details | Should -Contain "MIXED STRUCTURE", C:\Users\jmw\Documents\PowerShell\Modules\MusicFolderChecker\tests\Get-FolderStructureAnalysis.Tests.ps1:41
at &lt;ScriptBlock&gt;, C:\Users\jmw\Documents\PowerShell\Modules\MusicFolderChecker\tests\Get-FolderStructureAnalysis.Tests.ps1:41</stack-trace>
                    </failure>
                  </test-case>
                </results>
              </test-suite>
              <test-suite type="TestFixture" name="Get-FolderStructureAnalysis.Multi-Disc Album Detection" executed="True" result="Failure" success="False" time="0.1284" asserts="0" description="Get-FolderStructureAnalysis.Multi-Disc Album Detection">
                <results>
                  <test-case description="Should correctly identify MultiDisc as a Multi-Disc Album" name="Get-FolderStructureAnalysis.Multi-Disc Album Detection.Should correctly identify MultiDisc as a Multi-Disc Album" time="0.0224" asserts="0" success="False" result="Failure" executed="True">
                    <failure>
                      <message>Expected strings to be the same, but they were different.
Expected length: 14
Actual length:   12
Strings differ at index 0.
Expected: 'MultiDiscAlbum'
But was:  'ArtistFolder'
           ^</message>
                      <stack-trace>at $result.StructureType | Should -Be "MultiDiscAlbum", C:\Users\jmw\Documents\PowerShell\Modules\MusicFolderChecker\tests\Get-FolderStructureAnalysis.Tests.ps1:50
at &lt;ScriptBlock&gt;, C:\Users\jmw\Documents\PowerShell\Modules\MusicFolderChecker\tests\Get-FolderStructureAnalysis.Tests.ps1:50</stack-trace>
                    </failure>
                  </test-case>
                </results>
              </test-suite>
              <test-suite type="TestFixture" name="Get-FolderStructureAnalysis.Compilation Folder Detection" executed="True" result="Failure" success="False" time="0.1525" asserts="0" description="Get-FolderStructureAnalysis.Compilation Folder Detection">
                <results>
                  <test-case description="Should correctly identify Various Artists as a Compilation Folder" name="Get-FolderStructureAnalysis.Compilation Folder Detection.Should correctly identify Various Artists as a Compilation Folder" time="0.0209" asserts="0" success="False" result="Failure" executed="True">
                    <failure>
                      <message>Expected strings to be the same, but they were different.
Expected length: 17
Actual length:   12
Strings differ at index 0.
Expected: 'CompilationFolder'
But was:  'ArtistFolder'
           ^</message>
                      <stack-trace>at $result.StructureType | Should -Be "CompilationFolder", C:\Users\jmw\Documents\PowerShell\Modules\MusicFolderChecker\tests\Get-FolderStructureAnalysis.Tests.ps1:59
at &lt;ScriptBlock&gt;, C:\Users\jmw\Documents\PowerShell\Modules\MusicFolderChecker\tests\Get-FolderStructureAnalysis.Tests.ps1:59</stack-trace>
                    </failure>
                  </test-case>
                </results>
              </test-suite>
              <test-suite type="TestFixture" name="Get-FolderStructureAnalysis.Metadata Collection" executed="True" result="Success" success="True" time="0.1947" asserts="0" description="Get-FolderStructureAnalysis.Metadata Collection">
                <results>
                  <test-case description="Should collect correct metadata for Radiohead folder" name="Get-FolderStructureAnalysis.Metadata Collection.Should collect correct metadata for Radiohead folder" time="0.0188" asserts="0" success="True" result="Success" executed="True" />
                  <test-case description="Should collect correct metadata for MixedAlbum folder" name="Get-FolderStructureAnalysis.Metadata Collection.Should collect correct metadata for MixedAlbum folder" time="0.0202" asserts="0" success="True" result="Success" executed="True" />
                </results>
              </test-suite>
              <test-suite type="TestFixture" name="Get-FolderStructureAnalysis.Confidence Scoring" executed="True" result="Success" success="True" time="0.2464" asserts="0" description="Get-FolderStructureAnalysis.Confidence Scoring">
                <results>
                  <test-case description="Should give high confidence to clear structures" name="Get-FolderStructureAnalysis.Confidence Scoring.Should give high confidence to clear structures" time="0.0328" asserts="0" success="True" result="Success" executed="True" />
                  <test-case description="Should give low confidence to ambiguous structures" name="Get-FolderStructureAnalysis.Confidence Scoring.Should give low confidence to ambiguous structures" time="0.0164" asserts="0" success="True" result="Success" executed="True" />
                </results>
              </test-suite>
              <test-suite type="TestFixture" name="Get-FolderStructureAnalysis.Recommendations" executed="True" result="Failure" success="False" time="0.2923" asserts="0" description="Get-FolderStructureAnalysis.Recommendations">
                <results>
                  <test-case description="Should provide appropriate recommendations for mixed structures" name="Get-FolderStructureAnalysis.Recommendations.Should provide appropriate recommendations for mixed structures" time="0.0252" asserts="0" success="False" result="Failure" executed="True">
                    <failure>
                      <message>Expected 'MANUAL REVIEW REQUIRED' to be found in collection @('MANUAL REVIEW REQUIRED: Determine if subfolders are part of this album or separate releases', 'Option 1: Process root files as main album, ignore subfolders', 'Option 2: Process each subfolder as separate album'), but it was not found.</message>
                      <stack-trace>at $result.Recommendations | Should -Contain "MANUAL REVIEW REQUIRED", C:\Users\jmw\Documents\PowerShell\Modules\MusicFolderChecker\tests\Get-FolderStructureAnalysis.Tests.ps1:104
at &lt;ScriptBlock&gt;, C:\Users\jmw\Documents\PowerShell\Modules\MusicFolderChecker\tests\Get-FolderStructureAnalysis.Tests.ps1:104</stack-trace>
                    </failure>
                  </test-case>
                  <test-case description="Should provide processing recommendations for clear structures" name="Get-FolderStructureAnalysis.Recommendations.Should provide processing recommendations for clear structures" time="0.0175" asserts="0" success="True" result="Success" executed="True" />
                </results>
              </test-suite>
            </results>
          </test-suite>
        </results>
      </test-suite>
    </results>
  </test-suite>
</test-results>